0 info it worked if it ends with ok
1 verbose cli [ 'node', '/usr/local/bin/npm', 'install', 'bcrypt' ]
2 info using npm@2.11.2
3 info using node@v0.12.5
4 verbose config Skipping project config: /Users/vitorsantos/.npmrc. (matches userconfig)
5 verbose install initial load of /Users/vitorsantos/package.json
6 verbose installManyTop reading scoped package data from /Users/vitorsantos/node_modules/android/package.json
7 info package.json android@0.0.8 license should be a valid SPDX license expression
8 verbose readDependencies loading dependencies from /Users/vitorsantos/package.json
9 silly cache add args [ 'bcrypt', null ]
10 verbose cache add spec bcrypt
11 silly cache add parsed spec { raw: 'bcrypt',
11 silly cache add   scope: null,
11 silly cache add   name: 'bcrypt',
11 silly cache add   rawSpec: '',
11 silly cache add   spec: '*',
11 silly cache add   type: 'range' }
12 silly addNamed bcrypt@*
13 verbose addNamed "*" is a valid semver range for bcrypt
14 silly addNameRange { name: 'bcrypt', range: '*', hasData: false }
15 silly mapToRegistry name bcrypt
16 silly mapToRegistry using default registry
17 silly mapToRegistry registry https://registry.npmjs.org/
18 silly mapToRegistry uri https://registry.npmjs.org/bcrypt
19 verbose addNameRange registry:https://registry.npmjs.org/bcrypt not in flight; fetching
20 verbose request uri https://registry.npmjs.org/bcrypt
21 verbose request no auth needed
22 info attempt registry request try #1 at 5:08:57 PM
23 verbose request id 17e3e153bc953b05
24 http request GET https://registry.npmjs.org/bcrypt
25 http 200 https://registry.npmjs.org/bcrypt
26 silly get cb [ 200,
26 silly get   { server: 'CouchDB/1.5.0 (Erlang OTP/R16B03)',
26 silly get     etag: '"42WI1V4T84DRJ4ZNHV3HBJ6RF"',
26 silly get     'content-type': 'application/json',
26 silly get     'cache-control': 'max-age=60',
26 silly get     'content-length': '68551',
26 silly get     'accept-ranges': 'bytes',
26 silly get     date: 'Mon, 06 Jul 2015 16:08:58 GMT',
26 silly get     via: '1.1 varnish',
26 silly get     age: '0',
26 silly get     connection: 'keep-alive',
26 silly get     'x-served-by': 'cache-lhr6326-LHR',
26 silly get     'x-cache': 'HIT',
26 silly get     'x-cache-hits': '1',
26 silly get     'x-timer': 'S1436198938.007833,VS0,VE92',
26 silly get     vary: 'Accept' } ]
27 verbose get saving bcrypt to /Users/vitorsantos/.npm/registry.npmjs.org/bcrypt/.cache.json
28 silly addNameRange number 2 { name: 'bcrypt', range: '*', hasData: true }
29 silly addNameRange versions [ 'bcrypt',
29 silly addNameRange   [ '0.1.2',
29 silly addNameRange     '0.2.0',
29 silly addNameRange     '0.2.1',
29 silly addNameRange     '0.1.3',
29 silly addNameRange     '0.2.2',
29 silly addNameRange     '0.2.3',
29 silly addNameRange     '0.2.4',
29 silly addNameRange     '0.3.0',
29 silly addNameRange     '0.3.1',
29 silly addNameRange     '0.3.2',
29 silly addNameRange     '0.4.0',
29 silly addNameRange     '0.4.1',
29 silly addNameRange     '0.5.0',
29 silly addNameRange     '0.6.0',
29 silly addNameRange     '0.7.0',
29 silly addNameRange     '0.7.1',
29 silly addNameRange     '0.7.2',
29 silly addNameRange     '0.7.3',
29 silly addNameRange     '0.7.4',
29 silly addNameRange     '0.7.5',
29 silly addNameRange     '0.7.6',
29 silly addNameRange     '0.7.7',
29 silly addNameRange     '0.7.8',
29 silly addNameRange     '0.8.0',
29 silly addNameRange     '0.8.1',
29 silly addNameRange     '0.8.2',
29 silly addNameRange     '0.8.3' ] ]
30 silly addNamed bcrypt@0.8.3
31 verbose addNamed "0.8.3" is a plain semver version for bcrypt
32 silly mapToRegistry name bcrypt
33 silly mapToRegistry using default registry
34 silly mapToRegistry registry https://registry.npmjs.org/
35 silly mapToRegistry uri https://registry.npmjs.org/bcrypt
36 verbose addRemoteTarball https://registry.npmjs.org/bcrypt/-/bcrypt-0.8.3.tgz not in flight; adding
37 verbose addRemoteTarball [ 'https://registry.npmjs.org/bcrypt/-/bcrypt-0.8.3.tgz',
37 verbose addRemoteTarball   '714f92307246a35350744312b0d6a11a4abf792e' ]
38 info retry fetch attempt 1 at 5:08:58 PM
39 info attempt registry request try #1 at 5:08:58 PM
40 http fetch GET https://registry.npmjs.org/bcrypt/-/bcrypt-0.8.3.tgz
41 http fetch 200 https://registry.npmjs.org/bcrypt/-/bcrypt-0.8.3.tgz
42 silly fetchAndShaCheck shasum 714f92307246a35350744312b0d6a11a4abf792e
43 verbose addTmpTarball /var/folders/t9/jpbrvl0d4sx2z0vvtm9v3kt40000gn/T/npm-2726-15247353/registry.npmjs.org/bcrypt/-/bcrypt-0.8.3.tgz not in flight; adding
44 verbose addTmpTarball already have metadata; skipping unpack for bcrypt@0.8.3
45 silly cache afterAdd bcrypt@0.8.3
46 verbose afterAdd /Users/vitorsantos/.npm/bcrypt/0.8.3/package/package.json not in flight; writing
47 verbose afterAdd /Users/vitorsantos/.npm/bcrypt/0.8.3/package/package.json written
48 silly install resolved [ { name: 'bcrypt',
48 silly install resolved     description: 'A bcrypt library for NodeJS.',
48 silly install resolved     keywords:
48 silly install resolved      [ 'bcrypt',
48 silly install resolved        'password',
48 silly install resolved        'auth',
48 silly install resolved        'authentication',
48 silly install resolved        'encryption',
48 silly install resolved        'crypt',
48 silly install resolved        'crypto' ],
48 silly install resolved     main: './bcrypt',
48 silly install resolved     version: '0.8.3',
48 silly install resolved     author: { name: 'Nick Campbell', url: 'https://github.com/ncb000gt' },
48 silly install resolved     engines: { node: '>= 0.6.0' },
48 silly install resolved     repository:
48 silly install resolved      { type: 'git',
48 silly install resolved        url: 'git+https://github.com/ncb000gt/node.bcrypt.js.git' },
48 silly install resolved     licenses: [ [Object] ],
48 silly install resolved     bugs: { url: 'https://github.com/ncb000gt/node.bcrypt.js/issues' },
48 silly install resolved     scripts:
48 silly install resolved      { test: 'node-gyp configure build && nodeunit test',
48 silly install resolved        install: 'node-gyp rebuild' },
48 silly install resolved     dependencies: { bindings: '1.2.1', nan: '1.8.4' },
48 silly install resolved     devDependencies: { nodeunit: '>=0.6.4' },
48 silly install resolved     contributors:
48 silly install resolved      [ [Object],
48 silly install resolved        [Object],
48 silly install resolved        [Object],
48 silly install resolved        [Object],
48 silly install resolved        [Object],
48 silly install resolved        [Object],
48 silly install resolved        [Object],
48 silly install resolved        [Object],
48 silly install resolved        [Object],
48 silly install resolved        [Object],
48 silly install resolved        [Object],
48 silly install resolved        [Object],
48 silly install resolved        [Object],
48 silly install resolved        [Object] ],
48 silly install resolved     gypfile: true,
48 silly install resolved     gitHead: '59b9a1e4b3a0d0889812fdeda4e1c7bd0224ebd1',
48 silly install resolved     homepage: 'https://github.com/ncb000gt/node.bcrypt.js#readme',
48 silly install resolved     _id: 'bcrypt@0.8.3',
48 silly install resolved     _shasum: '714f92307246a35350744312b0d6a11a4abf792e',
48 silly install resolved     _from: 'bcrypt@*',
48 silly install resolved     _npmVersion: '2.9.0',
48 silly install resolved     _nodeVersion: '0.10.35',
48 silly install resolved     _npmUser: { name: 'shtylman', email: 'shtylman@gmail.com' },
48 silly install resolved     maintainers: [ [Object], [Object], [Object], [Object] ],
48 silly install resolved     dist:
48 silly install resolved      { shasum: '714f92307246a35350744312b0d6a11a4abf792e',
48 silly install resolved        tarball: 'http://registry.npmjs.org/bcrypt/-/bcrypt-0.8.3.tgz' },
48 silly install resolved     directories: {},
48 silly install resolved     _resolved: 'https://registry.npmjs.org/bcrypt/-/bcrypt-0.8.3.tgz' } ]
49 info install bcrypt@0.8.3 into /Users/vitorsantos
50 info installOne bcrypt@0.8.3
51 verbose installOne of bcrypt to /Users/vitorsantos not in flight; installing
52 warn locking Error: EACCES, open '/Users/vitorsantos/.npm/_locks/bcrypt-7c4add5d2123d28d.lock'
52 warn locking     at Error (native)
52 warn locking  /Users/vitorsantos/.npm/_locks/bcrypt-7c4add5d2123d28d.lock failed { [Error: EACCES, open '/Users/vitorsantos/.npm/_locks/bcrypt-7c4add5d2123d28d.lock']
52 warn locking   errno: -13,
52 warn locking   code: 'EACCES',
52 warn locking   path: '/Users/vitorsantos/.npm/_locks/bcrypt-7c4add5d2123d28d.lock' }
53 verbose stack Error: Attempt to unlock /Users/vitorsantos/node_modules/bcrypt, which hasn't been locked
53 verbose stack     at unlock (/usr/local/lib/node_modules/npm/lib/utils/locker.js:66:11)
53 verbose stack     at cb (/usr/local/lib/node_modules/npm/lib/install.js:1017:5)
53 verbose stack     at /usr/local/lib/node_modules/npm/lib/install.js:1021:20
53 verbose stack     at /usr/local/lib/node_modules/npm/lib/utils/locker.js:40:9
53 verbose stack     at cb (/usr/local/lib/node_modules/npm/node_modules/lockfile/lockfile.js:149:38)
53 verbose stack     at /usr/local/lib/node_modules/npm/node_modules/lockfile/lockfile.js:177:38
53 verbose stack     at FSReqWrap.oncomplete (fs.js:95:15)
54 verbose cwd /Users/vitorsantos/WebstormProjects/myblog
55 error Darwin 14.4.0
56 error argv "node" "/usr/local/bin/npm" "install" "bcrypt"
57 error node v0.12.5
58 error npm  v2.11.2
59 error Attempt to unlock /Users/vitorsantos/node_modules/bcrypt, which hasn't been locked
60 error If you need help, you may report this error at:
60 error     <https://github.com/npm/npm/issues>
61 verbose exit [ 1, true ]
